[debug] [2021-05-19T21:46:07.039Z] ----------------------------------------------------------------------
[debug] [2021-05-19T21:46:07.041Z] Command:       C:\Program Files\nodejs\node.exe D:\Users\Hani.Abdelghani\AppData\Roaming\npm\node_modules\firebase-tools\lib\bin\firebase.js init
[debug] [2021-05-19T21:46:07.041Z] CLI Version:   9.11.0
[debug] [2021-05-19T21:46:07.041Z] Platform:      win32
[debug] [2021-05-19T21:46:07.041Z] Node Version:  v14.17.0
[debug] [2021-05-19T21:46:07.042Z] Time:          Wed May 19 2021 22:46:07 GMT+0100 (West Africa Standard Time)
[debug] [2021-05-19T21:46:07.042Z] ----------------------------------------------------------------------
[debug] 
[debug] [2021-05-19T21:46:07.051Z] > command requires scopes: ["email","openid","https://www.googleapis.com/auth/cloudplatformprojects.readonly","https://www.googleapis.com/auth/firebase","https://www.googleapis.com/auth/cloud-platform"]
[debug] [2021-05-19T21:46:07.051Z] > authorizing via signed-in user (hani.abdelghanig@gmail.com)
[info] 
     ######## #### ########  ######## ########     ###     ######  ########
     ##        ##  ##     ## ##       ##     ##  ##   ##  ##       ##
     ######    ##  ########  ######   ########  #########  ######  ######
     ##        ##  ##    ##  ##       ##     ## ##     ##       ## ##
     ##       #### ##     ## ######## ########  ##     ##  ######  ########

You're about to initialize a Firebase project in this directory:

  D:\Users\Hani.Abdelghani\Desktop\job\angular\angular-tasktodo-app

[info] 
=== Project Setup
[info] 
[info] First, let's associate this project directory with a Firebase project.
[info] You can create multiple project aliases by running firebase use --add, 
[info] but for now we'll just set up a default project.
[info] 
[debug] [2021-05-19T21:46:56.774Z] >>> [apiv2][query] GET https://firebase.googleapis.com/v1beta1/projects pageSize=100
[debug] [2021-05-19T21:46:57.439Z] <<< [apiv2][status] GET https://firebase.googleapis.com/v1beta1/projects 200
[debug] [2021-05-19T21:46:57.439Z] <<< [apiv2][body] GET https://firebase.googleapis.com/v1beta1/projects [omitted]
[info] i  Using project angular-tasktodo-app (angular-tasktodo-app) 
[info] 
=== Hosting Setup
[info] 
[info] Your public directory is the folder (relative to your project directory) that
[info] will contain Hosting assets to be uploaded with firebase deploy. If you
[info] have a build process for your assets, use your build's output directory.
[info] 
[info] +  Wrote public/404.html 
[debug] [2021-05-19T21:47:16.047Z] >>> [apiv2][query] GET https://www.gstatic.com/firebasejs/releases.json [none]
[debug] [2021-05-19T21:47:16.270Z] <<< [apiv2][status] GET https://www.gstatic.com/firebasejs/releases.json 200
[debug] [2021-05-19T21:47:16.270Z] <<< [apiv2][body] GET https://www.gstatic.com/firebasejs/releases.json {"current":{"version":"8.6.1","browserURL":"https://www.gstatic.com/firebasejs/8.6.1/firebase.js","packageURL":"https://www.gstatic.com/firebasejs/8.6.1/firebase.tgz"},"live":{"version":"8.6","browserURL":"https://www.gstatic.com/firebasejs/live/8.6/firebase.js","packageURL":"https://www.gstatic.com/firebasejs/live/8.6/firebase.tgz"},"components":{"analytics":"https://www.gstatic.com/firebasejs/8.6.1/firebase-analytics.js","app":"https://www.gstatic.com/firebasejs/8.6.1/firebase-app.js","app-check":"https://www.gstatic.com/firebasejs/8.6.1/firebase-app-check.js","auth":"https://www.gstatic.com/firebasejs/8.6.1/firebase-auth.js","database":"https://www.gstatic.com/firebasejs/8.6.1/firebase-database.js","firestore":"https://www.gstatic.com/firebasejs/8.6.1/firebase-firestore.js","functions":"https://www.gstatic.com/firebasejs/8.6.1/firebase-functions.js","installations":"https://www.gstatic.com/firebasejs/8.6.1/firebase-installations.js","messaging":"https://www.gstatic.com/firebasejs/8.6.1/firebase-messaging.js","storage":"https://www.gstatic.com/firebasejs/8.6.1/firebase-storage.js","performance":"https://www.gstatic.com/firebasejs/8.6.1/firebase-performance.js","remote-config":"https://www.gstatic.com/firebasejs/8.6.1/firebase-remote-config.js","firestore.memory":"https://www.gstatic.com/firebasejs/8.6.1/firebase-firestore.memory.js"}}
[info] +  Wrote public/index.html 
[info] 
[info] i  Detected a .git folder at D:\Users\Hani.Abdelghani\Desktop\job\angular\angular-tasktodo-app 
[info] i  Authorizing with GitHub to upload your service account to a GitHub repository's secrets store. 
[info] 
[info] Visit this URL on this device to log in:
[info] https://github.com/login/oauth/authorize?client_id=89cf50f02ac6aaed3484&state=895614440&redirect_uri=http%3A%2F%2Flocalhost%3A9005&scope=read%3Auser%20repo%20public_repo
[info] 
[info] Waiting for authentication...
[debug] [2021-05-19T21:47:29.172Z] >>> HTTP REQUEST POST https://github.com/login/oauth/access_token  
 {"client_id":"89cf50f02ac6aaed3484","client_secret":"3330d14abc895d9a74d5f17cd7a00711fa2c5bf0","code":"21183bd549bd58ee4d02","redirect_uri":"http://localhost:9005","state":"895614440"}
[debug] [2021-05-19T21:47:29.541Z] <<< HTTP RESPONSE 200 {"server":"GitHub.com","date":"Wed, 19 May 2021 21:50:29 GMT","content-type":"application/json; charset=utf-8","transfer-encoding":"chunked","vary":"X-PJAX, Accept-Encoding, Accept, X-Requested-With","permissions-policy":"interest-cohort=()","etag":"W/\"d6a247fb449ee24588b045f94b342311\"","cache-control":"max-age=0, private, must-revalidate","strict-transport-security":"max-age=31536000; includeSubdomains; preload","x-frame-options":"deny","x-content-type-options":"nosniff","x-xss-protection":"0","referrer-policy":"origin-when-cross-origin, strict-origin-when-cross-origin","expect-ct":"max-age=2592000, report-uri=\"https://api.github.com/_private/browser/errors\"","content-security-policy":"default-src 'none'; base-uri 'self'; block-all-mixed-content; connect-src 'self' uploads.github.com www.githubstatus.com collector.githubapp.com api.github.com github-cloud.s3.amazonaws.com github-production-repository-file-5c1aeb.s3.amazonaws.com github-production-upload-manifest-file-7fdce7.s3.amazonaws.com github-production-user-asset-6210df.s3.amazonaws.com cdn.optimizely.com logx.optimizely.com/v1/events wss://alive.github.com; font-src github.githubassets.com; form-action 'self' github.com gist.github.com; frame-ancestors 'none'; frame-src render.githubusercontent.com; img-src 'self' data: github.githubassets.com identicons.github.com collector.githubapp.com github-cloud.s3.amazonaws.com secured-user-images.githubusercontent.com/ *.githubusercontent.com; manifest-src 'self'; media-src 'none'; script-src github.githubassets.com; style-src 'unsafe-inline' github.githubassets.com; worker-src github.com/socket-worker-3f088aa2.js gist.github.com/socket-worker-3f088aa2.js","x-github-request-id":"D83D:A44D:17DB4B9:18C3965:60A58825"}
[debug] [2021-05-19T21:47:29.544Z] >>> [apiv2][query] GET https://api.github.com/user [none]
[debug] [2021-05-19T21:47:29.941Z] <<< [apiv2][status] GET https://api.github.com/user 200
[debug] [2021-05-19T21:47:29.941Z] <<< [apiv2][body] GET https://api.github.com/user {"login":"abdelghanihanihani","id":40170398,"node_id":"MDQ6VXNlcjQwMTcwMzk4","avatar_url":"https://avatars.githubusercontent.com/u/40170398?v=4","gravatar_id":"","url":"https://api.github.com/users/abdelghanihanihani","html_url":"https://github.com/abdelghanihanihani","followers_url":"https://api.github.com/users/abdelghanihanihani/followers","following_url":"https://api.github.com/users/abdelghanihanihani/following{/other_user}","gists_url":"https://api.github.com/users/abdelghanihanihani/gists{/gist_id}","starred_url":"https://api.github.com/users/abdelghanihanihani/starred{/owner}{/repo}","subscriptions_url":"https://api.github.com/users/abdelghanihanihani/subscriptions","organizations_url":"https://api.github.com/users/abdelghanihanihani/orgs","repos_url":"https://api.github.com/users/abdelghanihanihani/repos","events_url":"https://api.github.com/users/abdelghanihanihani/events{/privacy}","received_events_url":"https://api.github.com/users/abdelghanihanihani/received_events","type":"User","site_admin":false,"name":null,"company":null,"blog":"","location":null,"email":null,"hireable":null,"bio":null,"twitter_username":null,"public_repos":8,"public_gists":0,"followers":0,"following":0,"created_at":"2018-06-11T12:15:57Z","updated_at":"2021-05-19T21:50:29Z","private_gists":0,"total_private_repos":3,"owned_private_repos":3,"disk_usage":138316,"collaborators":0,"two_factor_authentication":false,"plan":{"name":"pro","space":976562499,"collaborators":0,"private_repos":9999}}
[info] 
[info] +  Success! Logged into GitHub as abdelghanihanihani 
[info] 
[debug] [2021-05-19T21:47:41.577Z] >>> [apiv2][query] GET https://api.github.com/repos//actions/secrets/public-key type=owner
[debug] [2021-05-19T21:47:41.898Z] <<< [apiv2][status] GET https://api.github.com/repos//actions/secrets/public-key 404
[debug] [2021-05-19T21:47:41.898Z] <<< [apiv2][body] GET https://api.github.com/repos//actions/secrets/public-key {"message":"Not Found","documentation_url":"https://docs.github.com/rest"}
[debug] [2021-05-19T21:47:45.882Z] >>> [apiv2][query] GET https://api.github.com/repos//actions/secrets/public-key type=owner
[debug] [2021-05-19T21:47:46.203Z] <<< [apiv2][status] GET https://api.github.com/repos//actions/secrets/public-key 404
[debug] [2021-05-19T21:47:46.203Z] <<< [apiv2][body] GET https://api.github.com/repos//actions/secrets/public-key {"message":"Not Found","documentation_url":"https://docs.github.com/rest"}
[debug] [2021-05-19T21:48:43.956Z] >>> [apiv2][query] GET https://api.github.com/repos/abdelghanihanihani/angular-tasktodo-app/actions/secrets/public-key type=owner
[debug] [2021-05-19T21:48:44.358Z] <<< [apiv2][status] GET https://api.github.com/repos/abdelghanihanihani/angular-tasktodo-app/actions/secrets/public-key 404
[debug] [2021-05-19T21:48:44.358Z] <<< [apiv2][body] GET https://api.github.com/repos/abdelghanihanihani/angular-tasktodo-app/actions/secrets/public-key {"message":"Not Found","documentation_url":"https://docs.github.com/rest/reference/actions#get-a-repository-public-key"}
[debug] [2021-05-19T21:48:49.709Z] >>> [apiv2][query] GET https://api.github.com/repos//actions/secrets/public-key type=owner
[debug] [2021-05-19T21:48:50.041Z] <<< [apiv2][status] GET https://api.github.com/repos//actions/secrets/public-key 404
[debug] [2021-05-19T21:48:50.041Z] <<< [apiv2][body] GET https://api.github.com/repos//actions/secrets/public-key {"message":"Not Found","documentation_url":"https://docs.github.com/rest"}
[debug] [2021-05-19T21:48:50.066Z] >>> [apiv2][query] GET https://api.github.com/repos//actions/secrets/public-key type=owner
[debug] [2021-05-19T21:48:50.388Z] <<< [apiv2][status] GET https://api.github.com/repos//actions/secrets/public-key 404
[debug] [2021-05-19T21:48:50.388Z] <<< [apiv2][body] GET https://api.github.com/repos//actions/secrets/public-key {"message":"Not Found","documentation_url":"https://docs.github.com/rest"}
